<?xml version="1.0" encoding="UTF-8"?>
<!-- Generated by org.testng.reporters.JUnitReportReporter -->
<testsuite hostname="DESKTOP-K1R1GG0" failures="0" tests="1" name="MavenGitJenkins.TC_001" time="63.584" errors="0" timestamp="2022-05-09T11:17:08 IST" skipped="0">
  <testcase classname="MavenGitJenkins.TC_001" name="testCase1" time="63.584"/>
  <system-out/>
</testsuite> <!-- MavenGitJenkins.TC_001 -->
